<?xml version="1.0" encoding="UTF-8"?>
<testsuites>
  <testsuite name="DatabaseTest" file="C:\xampp\htdocs\ExpenseLogger\tests\DatabaseTest.php" tests="5" assertions="10" errors="0" warnings="0" failures="0" skipped="0" time="0.016341">
    <testcase name="testDatabaseConnection" class="DatabaseTest" classname="DatabaseTest" file="C:\xampp\htdocs\ExpenseLogger\tests\DatabaseTest.php" line="50" assertions="1" time="0.003539"/>
    <testcase name="testInsertAndRetrieveCategory" class="DatabaseTest" classname="DatabaseTest" file="C:\xampp\htdocs\ExpenseLogger\tests\DatabaseTest.php" line="55" assertions="2" time="0.003106"/>
    <testcase name="testInsertAndRetrieveExpense" class="DatabaseTest" classname="DatabaseTest" file="C:\xampp\htdocs\ExpenseLogger\tests\DatabaseTest.php" line="71" assertions="4" time="0.003021"/>
    <testcase name="testCategoryExpenseRelationship" class="DatabaseTest" classname="DatabaseTest" file="C:\xampp\htdocs\ExpenseLogger\tests\DatabaseTest.php" line="94" assertions="1" time="0.003117"/>
    <testcase name="testPreparedStatementSecurity" class="DatabaseTest" classname="DatabaseTest" file="C:\xampp\htdocs\ExpenseLogger\tests\DatabaseTest.php" line="121" assertions="2" time="0.003558"/>
  </testsuite>
</testsuites>
